<?xml version="1.0" encoding="UTF-8"?>
<!-- Generated by org.testng.reporters.JUnitReportReporter -->
<testsuite skipped="0" hostname="nursultans-MacBook-Pro-2.local" name="tests.JsonTest" tests="1" failures="0" timestamp="09 Sep 2018 23:22:19 GMT" time="1.291" errors="0">
  <testcase name="utilTestPost" time="1.291" classname="tests.JsonTest"/>
</testsuite> <!-- tests.JsonTest -->
